[21:23:21.797] [INFO] storybook v10.1.11
[21:23:21.925] [DEBUG] Getting package.json info for /Users/jakubjochymek/WebstormProjects/porfolio-tracker/package.json...
[21:23:22.436] [INFO] Starting...
[21:23:22.519] [DEBUG] Starting preview..
[21:23:22.526] [INFO] Addon-docs: using MDX3
[21:23:22.540] [INFO] Using implicit CSS loaders
[21:23:22.618] [INFO] Using SWC as compiler
[21:23:22.625] [INFO] Using default Webpack5 setup
[21:23:22.813] [DEBUG] Using tsconfig paths for react-docgen
[21:23:24.584] [ERROR] Failed to build the preview
[21:23:24.586] [WARN] Force closed preview build
[21:23:24.587] [ERROR] [38;2;241;97;97mSB_BUILDER-WEBPACK5_0003 (WebpackCompilationError): There were problems when compiling your code with Webpack.
Run Storybook with --debug-webpack for more information.[39m
    at starter (file://./node_modules/@storybook/builder-webpack5/dist/index.js:799:11)
    at starter.next (<anonymous>)
    at Module.start (file://./node_modules/@storybook/builder-webpack5/dist/index.js:857:34)
    at process.processTicksAndRejections (node:internal/process/task_queues:103:5)
    at async storybookDevServer (file://./node_modules/storybook/dist/core-server/index.js:6806:82)
    at async buildOrThrow (file://./node_modules/storybook/dist/core-server/index.js:5555:12)
    at async buildDevStandalone (file://./node_modules/storybook/dist/core-server/index.js:7208:66)
    at async withTelemetry (file://./node_modules/storybook/dist/_node-chunks/chunk-2372JZ52.js:209:12)
    at async dev (file://./node_modules/storybook/dist/bin/core.js:2734:3)
    at async _Command.<anonymous> (file://./node_modules/storybook/dist/bin/core.js:2801:92)
[21:23:24.587] [WARN] Broken build, fix the error above.
You may need to refresh the browser.